Determining if the pthread_create exist failed with the following output:
Change Dir: /home/gustavo/git/learnopengl/CMakeFiles/CMakeTmp

Run Build Command:/usr/bin/make "cmTryCompileExec3155692163/fast"
/usr/bin/make -f CMakeFiles/cmTryCompileExec3155692163.dir/build.make CMakeFiles/cmTryCompileExec3155692163.dir/build
make[1]: Entrando no diretório `/home/gustavo/git/learnopengl/CMakeFiles/CMakeTmp'
/usr/bin/cmake -E cmake_progress_report /home/gustavo/git/learnopengl/CMakeFiles/CMakeTmp/CMakeFiles 1
Building C object CMakeFiles/cmTryCompileExec3155692163.dir/CheckSymbolExists.c.o
/usr/bin/cc    -o CMakeFiles/cmTryCompileExec3155692163.dir/CheckSymbolExists.c.o   -c /home/gustavo/git/learnopengl/CMakeFiles/CMakeTmp/CheckSymbolExists.c
Linking C executable cmTryCompileExec3155692163
/usr/bin/cmake -E cmake_link_script CMakeFiles/cmTryCompileExec3155692163.dir/link.txt --verbose=1
/usr/bin/cc       CMakeFiles/cmTryCompileExec3155692163.dir/CheckSymbolExists.c.o  -o cmTryCompileExec3155692163 -rdynamic 
CMakeFiles/cmTryCompileExec3155692163.dir/CheckSymbolExists.c.o: na função `main':
CheckSymbolExists.c:(.text+0xa): referência indefinida para `pthread_create'
collect2: error: ld returned 1 exit status
make[1]: Saindo do diretório `/home/gustavo/git/learnopengl/CMakeFiles/CMakeTmp'
make[1]: ** [cmTryCompileExec3155692163] Erro 1
make: ** [cmTryCompileExec3155692163/fast] Erro 2

File /home/gustavo/git/learnopengl/CMakeFiles/CMakeTmp/CheckSymbolExists.c:
/* */
#include <pthread.h>

int main(int argc, char** argv)
{
  (void)argv;
#ifndef pthread_create
  return ((int*)(&pthread_create))[argc];
#else
  (void)argc;
  return 0;
#endif
}

Determining if the function pthread_create exists in the pthreads failed with the following output:
Change Dir: /home/gustavo/git/learnopengl/CMakeFiles/CMakeTmp

Run Build Command:/usr/bin/make "cmTryCompileExec2874761873/fast"
/usr/bin/make -f CMakeFiles/cmTryCompileExec2874761873.dir/build.make CMakeFiles/cmTryCompileExec2874761873.dir/build
make[1]: Entrando no diretório `/home/gustavo/git/learnopengl/CMakeFiles/CMakeTmp'
/usr/bin/cmake -E cmake_progress_report /home/gustavo/git/learnopengl/CMakeFiles/CMakeTmp/CMakeFiles 1
Building C object CMakeFiles/cmTryCompileExec2874761873.dir/CheckFunctionExists.c.o
/usr/bin/cc   -DCHECK_FUNCTION_EXISTS=pthread_create   -o CMakeFiles/cmTryCompileExec2874761873.dir/CheckFunctionExists.c.o   -c /usr/share/cmake-2.8/Modules/CheckFunctionExists.c
Linking C executable cmTryCompileExec2874761873
/usr/bin/cmake -E cmake_link_script CMakeFiles/cmTryCompileExec2874761873.dir/link.txt --verbose=1
/usr/bin/cc   -DCHECK_FUNCTION_EXISTS=pthread_create    CMakeFiles/cmTryCompileExec2874761873.dir/CheckFunctionExists.c.o  -o cmTryCompileExec2874761873 -rdynamic -lpthreads 
/usr/bin/ld: não foi possível encontrar -lpthreads
collect2: error: ld returned 1 exit status
make[1]: ** [cmTryCompileExec2874761873] Erro 1
make[1]: Saindo do diretório `/home/gustavo/git/learnopengl/CMakeFiles/CMakeTmp'
make: ** [cmTryCompileExec2874761873/fast] Erro 2


Determining if the function glXGetProcAddressEXT exists failed with the following output:
Change Dir: /home/gustavo/git/learnopengl/CMakeFiles/CMakeTmp

Run Build Command:/usr/bin/make "cmTryCompileExec2938851402/fast"
/usr/bin/make -f CMakeFiles/cmTryCompileExec2938851402.dir/build.make CMakeFiles/cmTryCompileExec2938851402.dir/build
make[1]: Entrando no diretório `/home/gustavo/git/learnopengl/CMakeFiles/CMakeTmp'
/usr/bin/cmake -E cmake_progress_report /home/gustavo/git/learnopengl/CMakeFiles/CMakeTmp/CMakeFiles 1
Building C object CMakeFiles/cmTryCompileExec2938851402.dir/CheckFunctionExists.c.o
/usr/bin/cc   -DCHECK_FUNCTION_EXISTS=glXGetProcAddressEXT   -o CMakeFiles/cmTryCompileExec2938851402.dir/CheckFunctionExists.c.o   -c /usr/share/cmake-2.8/Modules/CheckFunctionExists.c
Linking C executable cmTryCompileExec2938851402
/usr/bin/cmake -E cmake_link_script CMakeFiles/cmTryCompileExec2938851402.dir/link.txt --verbose=1
/usr/bin/cc   -DCHECK_FUNCTION_EXISTS=glXGetProcAddressEXT    CMakeFiles/cmTryCompileExec2938851402.dir/CheckFunctionExists.c.o  -o cmTryCompileExec2938851402 -rdynamic -lGL 
CMakeFiles/cmTryCompileExec2938851402.dir/CheckFunctionExists.c.o: na função `main':
CheckFunctionExists.c:(.text+0x7): referência indefinida para `glXGetProcAddressEXT'
collect2: error: ld returned 1 exit status
make[1]: ** [cmTryCompileExec2938851402] Erro 1
make[1]: Saindo do diretório `/home/gustavo/git/learnopengl/CMakeFiles/CMakeTmp'
make: ** [cmTryCompileExec2938851402/fast] Erro 2


