Determining if the pthread_create exist failed with the following output:
Change Dir: /home/gustavo/git/learnopengl/build/CMakeFiles/CMakeTmp

Run Build Command:/usr/bin/make "cmTryCompileExec1767550185/fast"
/usr/bin/make -f CMakeFiles/cmTryCompileExec1767550185.dir/build.make CMakeFiles/cmTryCompileExec1767550185.dir/build
make[1]: Entrando no diretório `/home/gustavo/git/learnopengl/build/CMakeFiles/CMakeTmp'
/usr/bin/cmake -E cmake_progress_report /home/gustavo/git/learnopengl/build/CMakeFiles/CMakeTmp/CMakeFiles 1
Building C object CMakeFiles/cmTryCompileExec1767550185.dir/CheckSymbolExists.c.o
/usr/bin/cc    -o CMakeFiles/cmTryCompileExec1767550185.dir/CheckSymbolExists.c.o   -c /home/gustavo/git/learnopengl/build/CMakeFiles/CMakeTmp/CheckSymbolExists.c
Linking C executable cmTryCompileExec1767550185
/usr/bin/cmake -E cmake_link_script CMakeFiles/cmTryCompileExec1767550185.dir/link.txt --verbose=1
/usr/bin/cc       CMakeFiles/cmTryCompileExec1767550185.dir/CheckSymbolExists.c.o  -o cmTryCompileExec1767550185 -rdynamic 
CMakeFiles/cmTryCompileExec1767550185.dir/CheckSymbolExists.c.o: na função `main':
CheckSymbolExists.c:(.text+0xa): referência indefinida para `pthread_create'
collect2: error: ld returned 1 exit status
make[1]: ** [cmTryCompileExec1767550185] Erro 1
make[1]: Saindo do diretório `/home/gustavo/git/learnopengl/build/CMakeFiles/CMakeTmp'
make: ** [cmTryCompileExec1767550185/fast] Erro 2

File /home/gustavo/git/learnopengl/build/CMakeFiles/CMakeTmp/CheckSymbolExists.c:
/* */
#include <pthread.h>

int main(int argc, char** argv)
{
  (void)argv;
#ifndef pthread_create
  return ((int*)(&pthread_create))[argc];
#else
  (void)argc;
  return 0;
#endif
}

Determining if the function pthread_create exists in the pthreads failed with the following output:
Change Dir: /home/gustavo/git/learnopengl/build/CMakeFiles/CMakeTmp

Run Build Command:/usr/bin/make "cmTryCompileExec1823084925/fast"
/usr/bin/make -f CMakeFiles/cmTryCompileExec1823084925.dir/build.make CMakeFiles/cmTryCompileExec1823084925.dir/build
make[1]: Entrando no diretório `/home/gustavo/git/learnopengl/build/CMakeFiles/CMakeTmp'
/usr/bin/cmake -E cmake_progress_report /home/gustavo/git/learnopengl/build/CMakeFiles/CMakeTmp/CMakeFiles 1
Building C object CMakeFiles/cmTryCompileExec1823084925.dir/CheckFunctionExists.c.o
/usr/bin/cc   -DCHECK_FUNCTION_EXISTS=pthread_create   -o CMakeFiles/cmTryCompileExec1823084925.dir/CheckFunctionExists.c.o   -c /usr/share/cmake-2.8/Modules/CheckFunctionExists.c
Linking C executable cmTryCompileExec1823084925
/usr/bin/cmake -E cmake_link_script CMakeFiles/cmTryCompileExec1823084925.dir/link.txt --verbose=1
/usr/bin/cc   -DCHECK_FUNCTION_EXISTS=pthread_create    CMakeFiles/cmTryCompileExec1823084925.dir/CheckFunctionExists.c.o  -o cmTryCompileExec1823084925 -rdynamic -lpthreads 
/usr/bin/ld: não foi possível encontrar -lpthreads
collect2: error: ld returned 1 exit status
make[1]: ** [cmTryCompileExec1823084925] Erro 1
make[1]: Saindo do diretório `/home/gustavo/git/learnopengl/build/CMakeFiles/CMakeTmp'
make: ** [cmTryCompileExec1823084925/fast] Erro 2


Determining if the function glXGetProcAddressEXT exists failed with the following output:
Change Dir: /home/gustavo/git/learnopengl/build/CMakeFiles/CMakeTmp

Run Build Command:/usr/bin/make "cmTryCompileExec1362480268/fast"
/usr/bin/make -f CMakeFiles/cmTryCompileExec1362480268.dir/build.make CMakeFiles/cmTryCompileExec1362480268.dir/build
make[1]: Entrando no diretório `/home/gustavo/git/learnopengl/build/CMakeFiles/CMakeTmp'
/usr/bin/cmake -E cmake_progress_report /home/gustavo/git/learnopengl/build/CMakeFiles/CMakeTmp/CMakeFiles 1
Building C object CMakeFiles/cmTryCompileExec1362480268.dir/CheckFunctionExists.c.o
/usr/bin/cc   -DCHECK_FUNCTION_EXISTS=glXGetProcAddressEXT   -o CMakeFiles/cmTryCompileExec1362480268.dir/CheckFunctionExists.c.o   -c /usr/share/cmake-2.8/Modules/CheckFunctionExists.c
Linking C executable cmTryCompileExec1362480268
/usr/bin/cmake -E cmake_link_script CMakeFiles/cmTryCompileExec1362480268.dir/link.txt --verbose=1
/usr/bin/cc   -DCHECK_FUNCTION_EXISTS=glXGetProcAddressEXT    CMakeFiles/cmTryCompileExec1362480268.dir/CheckFunctionExists.c.o  -o cmTryCompileExec1362480268 -rdynamic -lGL 
CMakeFiles/cmTryCompileExec1362480268.dir/CheckFunctionExists.c.o: na função `main':
CheckFunctionExists.c:(.text+0x7): referência indefinida para `glXGetProcAddressEXT'
collect2: error: ld returned 1 exit status
make[1]: ** [cmTryCompileExec1362480268] Erro 1
make[1]: Saindo do diretório `/home/gustavo/git/learnopengl/build/CMakeFiles/CMakeTmp'
make: ** [cmTryCompileExec1362480268/fast] Erro 2


